[debug] [2023-01-02T12:26:39.754Z] ----------------------------------------------------------------------
[debug] [2023-01-02T12:26:39.756Z] Command:       C:\Program Files\nodejs\node.exe C:\Users\yasin\AppData\Roaming\npm\node_modules\firebase-tools\lib\bin\firebase.js init
[debug] [2023-01-02T12:26:39.757Z] CLI Version:   11.19.0
[debug] [2023-01-02T12:26:39.757Z] Platform:      win32
[debug] [2023-01-02T12:26:39.757Z] Node Version:  v18.12.0
[debug] [2023-01-02T12:26:39.759Z] Time:          Mon Jan 02 2023 15:26:39 GMT+0300 (Москва, стандартное время)
[debug] [2023-01-02T12:26:39.759Z] ----------------------------------------------------------------------
[debug] 
[debug] [2023-01-02T12:26:39.763Z] >>> [apiv2][query] GET https://firebase-public.firebaseio.com/cli.json [none]
[debug] [2023-01-02T12:26:39.815Z] > command requires scopes: ["email","openid","https://www.googleapis.com/auth/cloudplatformprojects.readonly","https://www.googleapis.com/auth/firebase","https://www.googleapis.com/auth/cloud-platform"]
[debug] [2023-01-02T12:26:39.815Z] > authorizing via signed-in user (somethingksiz@gmail.com)
[info] 
     ######## #### ########  ######## ########     ###     ######  ########
     ##        ##  ##     ## ##       ##     ##  ##   ##  ##       ##
     ######    ##  ########  ######   ########  #########  ######  ######
     ##        ##  ##    ##  ##       ##     ## ##     ##       ## ##
     ##       #### ##     ## ######## ########  ##     ##  ######  ########

You're about to initialize a Firebase project in this directory:

  D:\Coding\react\collegeclass

[debug] [2023-01-02T12:26:40.202Z] <<< [apiv2][status] GET https://firebase-public.firebaseio.com/cli.json 200
[debug] [2023-01-02T12:26:40.203Z] <<< [apiv2][body] GET https://firebase-public.firebaseio.com/cli.json {"cloudBuildErrorAfter":1594252800000,"cloudBuildWarnAfter":1590019200000,"defaultNode10After":1594252800000,"minVersion":"3.0.5","node8DeploysDisabledAfter":1613390400000,"node8RuntimeDisabledAfter":1615809600000,"node8WarnAfter":1600128000000}
